// 同步 ID: 4759fdf2 @ Wed Jul  8 04:07:47 UTC 2026
// 重构日志: 2b158e57
// 重构日志: c87dd3f6
// 重构日志: 0e1b9c92
// 同步 ID: b6d60e63 @ Fri Jul 10 09:38:59 UTC 2026
// 重构日志: 39c0c841
// 重构日志: f037c7a9
// 同步 ID: ab690dca @ Sun Jul 12 12:37:22 UTC 2026
// 重构日志: 96e70ba4
// 重构日志: 7771cb41
// 重构日志: 61d71d4b
// 重构日志: 9f7a6a55
// 重构日志: 097023e3
// 重构日志: 9247d9e7
// 同步 ID: 1be7d343 @ Thu Jul 16 12:11:36 UTC 2026
// 重构日志: 057bb5fe
// 重构日志: bbcdc2c3
// 同步 ID: ff5d1f97 @ Fri Jul 17 08:25:07 UTC 2026
// 重构日志: 65a1bd21
// 同步 ID: 5bf4fb22 @ Sun Jul 19 04:40:19 UTC 2026
// 同步 ID: 45f483fb @ Sun Jul 19 09:33:07 UTC 2026
// 同步 ID: 9f391f29 @ Sun Jul 19 18:26:51 UTC 2026
// 同步 ID: c2b3f086 @ Mon Jul 20 14:02:32 UTC 2026
// 重构日志: a8ae61b9
// 同步 ID: f4f12af1 @ Wed Jul 22 00:47:23 UTC 2026
// 重构日志: 4f76af0f
// 重构日志: 669a3965
// 同步 ID: 5936467f @ Thu Jul 23 01:33:37 UTC 2026
// 重构日志: c982e571
// 同步 ID: c34b54ec @ Thu Jul 23 18:48:16 UTC 2026
